Using pre-set license
Built from '2021.1/release' branch; Version is '2021.1.10f1 (b15f561b2cef) revision 11624278'; Using compiler version '192528614'; Build Type 'Release'
OS: 'Windows 10 Home; OS build 19042.1052; Version 2009; 64bit' Language: 'en' Physical Memory: 16300 MB
BatchMode: 1, IsHumanControllingUs: 0, StartBugReporterOnCrash: 0, Is64bit: 1, IsPro: 0

 COMMAND LINE ARGUMENTS:
C:\Program Files\2021.1.10f1\Editor\Unity.exe
-adb2
-batchMode
-noUpm
-name
AssetImportWorker0
-projectPath
D:/GameDevelopment/Projects/2D-Zelda-Like
-logFile
Logs/AssetImportWorker0.log
-srvPort
58979
Successfully changed project path to: D:/GameDevelopment/Projects/2D-Zelda-Like
D:/GameDevelopment/Projects/2D-Zelda-Like
Using Asset Import Pipeline V2.
Refreshing native plugins compatible for Editor in 379.84 ms, found 4 plugins.
Preloading 0 native plugins for Editor in 0.00 ms.
Initialize engine version: 2021.1.10f1 (b15f561b2cef)
[Subsystems] Discovering subsystems at path C:/Program Files/2021.1.10f1/Editor/Data/Resources/UnitySubsystems
[Subsystems] Discovering subsystems at path D:/GameDevelopment/Projects/2D-Zelda-Like/Assets
GfxDevice: creating device client; threaded=0; jobified=0
Direct3D:
    Version:  Direct3D 11.0 [level 11.1]
    Renderer: NVIDIA GeForce GTX 1050 Ti (ID=0x1c82)
    Vendor:   NVIDIA
    VRAM:     4018 MB
    Driver:   27.21.14.5671
Initialize mono
Mono path[0] = 'C:/Program Files/2021.1.10f1/Editor/Data/Managed'
Mono path[1] = 'C:/Program Files/2021.1.10f1/Editor/Data/MonoBleedingEdge/lib/mono/unityjit'
Mono config path = 'C:/Program Files/2021.1.10f1/Editor/Data/MonoBleedingEdge/etc'
Using monoOptions --debugger-agent=transport=dt_socket,embedding=1,server=y,suspend=n,address=127.0.0.1:56228
Begin MonoManager ReloadAssembly
Registering precompiled unity dll's ...
Register platform support module: C:/Program Files/2021.1.10f1/Editor/Data/PlaybackEngines/WebGLSupport/UnityEditor.WebGL.Extensions.dll
Register platform support module: C:/Program Files/2021.1.10f1/Editor/Data/PlaybackEngines/WindowsStandaloneSupport/UnityEditor.WindowsStandalone.Extensions.dll
Registered in 0.002795 seconds.
Native extension for WindowsStandalone target not found
Native extension for WebGL target not found
Refreshing native plugins compatible for Editor in 1585.92 ms, found 4 plugins.
Preloading 0 native plugins for Editor in 0.00 ms.
Mono: successfully reloaded assembly
- Completed reload, in  6.312 seconds
Domain Reload Profiling:
	ReloadAssembly (6313ms)
		BeginReloadAssembly (73ms)
			ExecutionOrderSort (0ms)
			DisableScriptedObjects (0ms)
			BackupInstance (0ms)
			ReleaseScriptingObjects (0ms)
			CreateAndSetChildDomain (1ms)
		EndReloadAssembly (4282ms)
			LoadAssemblies (71ms)
			RebuildTransferFunctionScriptingTraits (0ms)
			SetupTypeCache (1545ms)
			ReleaseScriptCaches (0ms)
			RebuildScriptCaches (88ms)
			SetupLoadedEditorAssemblies (2547ms)
				LogAssemblyErrors (0ms)
				InitializePlatformSupportModulesInManaged (15ms)
				SetLoadedEditorAssemblies (0ms)
				RefreshPlugins (1586ms)
				BeforeProcessingInitializeOnLoad (14ms)
				ProcessInitializeOnLoadAttributes (593ms)
				ProcessInitializeOnLoadMethodAttributes (338ms)
				AfterProcessingInitializeOnLoad (0ms)
				EditorAssembliesLoaded (0ms)
			ExecutionOrderSort2 (0ms)
			AwakeInstancesAfterBackupRestoration (0ms)
Platform modules already initialized, skipping
Registering precompiled user dll's ...
Registered in 0.030656 seconds.
Begin MonoManager ReloadAssembly
Symbol file LoadedFromMemory doesn't match image D:\GameDevelopment\Projects\2D-Zelda-Like\Library\PackageCache\com.unity.visualscripting@1.6.1\Editor\VisualScripting.Core\Dependencies\YamlDotNet\Unity.VisualScripting.YamlDotNet.dll
Symbol file LoadedFromMemory doesn't match image D:\GameDevelopment\Projects\2D-Zelda-Like\Library\PackageCache\com.unity.visualscripting@1.6.1\Editor\VisualScripting.Core\Dependencies\DotNetZip\Unity.VisualScripting.IonicZip.dll
Native extension for WindowsStandalone target not found
Native extension for WebGL target not found
Refreshing native plugins compatible for Editor in 121.01 ms, found 4 plugins.
Preloading 0 native plugins for Editor in 0.00 ms.
Mono: successfully reloaded assembly
- Completed reload, in  2.291 seconds
Domain Reload Profiling:
	ReloadAssembly (2292ms)
		BeginReloadAssembly (313ms)
			ExecutionOrderSort (0ms)
			DisableScriptedObjects (6ms)
			BackupInstance (0ms)
			ReleaseScriptingObjects (0ms)
			CreateAndSetChildDomain (34ms)
		EndReloadAssembly (1753ms)
			LoadAssemblies (464ms)
			RebuildTransferFunctionScriptingTraits (0ms)
			SetupTypeCache (481ms)
			ReleaseScriptCaches (1ms)
			RebuildScriptCaches (105ms)
			SetupLoadedEditorAssemblies (670ms)
				LogAssemblyErrors (0ms)
				InitializePlatformSupportModulesInManaged (6ms)
				SetLoadedEditorAssemblies (0ms)
				RefreshPlugins (121ms)
				BeforeProcessingInitializeOnLoad (123ms)
				ProcessInitializeOnLoadAttributes (387ms)
				ProcessInitializeOnLoadMethodAttributes (23ms)
				AfterProcessingInitializeOnLoad (9ms)
				EditorAssembliesLoaded (0ms)
			ExecutionOrderSort2 (0ms)
			AwakeInstancesAfterBackupRestoration (10ms)
Platform modules already initialized, skipping
========================================================================
Worker process is ready to serve import requests
Launched and connected shader compiler UnityShaderCompiler.exe after 0.05 seconds
Refreshing native plugins compatible for Editor in 0.75 ms, found 4 plugins.
Preloading 0 native plugins for Editor in 0.00 ms.
Unloading 3675 Unused Serialized files (Serialized files now loaded: 0)
System memory in use before: 136.3 MB.
System memory in use after: 136.4 MB.

Unloading 37 unused Assets to reduce memory usage. Loaded Objects now: 4119.
Total: 5.084200 ms (FindLiveObjects: 0.303800 ms CreateObjectMapping: 0.248800 ms MarkObjects: 4.068100 ms  DeleteObjects: 0.462000 ms)

AssetImportParameters requested are different than current active one (requested -> active):
  custom:framework-win-MediaFoundation: 216162199b28c13a410421893ffa2e32 -> 
  custom:video-decoder-ogg-theora: a1e56fd34408186e4bbccfd4996cb3dc -> 
  custom:container-muxer-webm: aa71ff27fc2769a1b78a27578f13a17b -> 
  custom:container-demuxer-webm: 4f35f7cbe854078d1ac9338744f61a02 -> 
  custom:container-demuxer-ogg: 62fdf1f143b41e24485cea50d1cbac27 -> 
  custom:video-encoder-webm-vp8: eb34c28f22e8b96e1ab97ce403110664 -> 
  custom:video-decoder-webm-vp8: 9c59270c3fd7afecdb556c50c9e8de78 -> 
  custom:audio-decoder-ogg-vorbis: bf7c407c2cedff20999df2af8eb42d56 -> 
  custom:audio-encoder-webm-vorbis: bf7c407c2cedff20999df2af8eb42d56 -> 
========================================================================
Received Import Request.
  path: Assets/Scripts/States/FallState.cs
  artifactKey: Guid(810c2c5859d1540459ec00ee5f4c8e3e) Importer(815301076,1909f56bfc062723c751e8b465ee728b)
Start importing Assets/Scripts/States/FallState.cs using Guid(810c2c5859d1540459ec00ee5f4c8e3e) Importer(815301076,1909f56bfc062723c751e8b465ee728b)  -> (artifact id: '52c25265eb211424674027765c2225f0') in 0.047120 seconds 
========================================================================
Received Prepare
Registering precompiled user dll's ...
Registered in 0.008827 seconds.
Begin MonoManager ReloadAssembly
Symbol file LoadedFromMemory doesn't match image D:\GameDevelopment\Projects\2D-Zelda-Like\Library\PackageCache\com.unity.visualscripting@1.6.1\Editor\VisualScripting.Core\Dependencies\YamlDotNet\Unity.VisualScripting.YamlDotNet.dll
Symbol file LoadedFromMemory doesn't match image D:\GameDevelopment\Projects\2D-Zelda-Like\Library\PackageCache\com.unity.visualscripting@1.6.1\Editor\VisualScripting.Core\Dependencies\DotNetZip\Unity.VisualScripting.IonicZip.dll
Native extension for WindowsStandalone target not found
Native extension for WebGL target not found
Refreshing native plugins compatible for Editor in 1.29 ms, found 4 plugins.
Preloading 0 native plugins for Editor in 0.00 ms.
Mono: successfully reloaded assembly
- Completed reload, in  1.593 seconds
Domain Reload Profiling:
	ReloadAssembly (1593ms)
		BeginReloadAssembly (192ms)
			ExecutionOrderSort (0ms)
			DisableScriptedObjects (9ms)
			BackupInstance (0ms)
			ReleaseScriptingObjects (0ms)
			CreateAndSetChildDomain (61ms)
		EndReloadAssembly (1316ms)
			LoadAssemblies (141ms)
			RebuildTransferFunctionScriptingTraits (0ms)
			SetupTypeCache (494ms)
			ReleaseScriptCaches (1ms)
			RebuildScriptCaches (64ms)
			SetupLoadedEditorAssemblies (479ms)
				LogAssemblyErrors (0ms)
				InitializePlatformSupportModulesInManaged (7ms)
				SetLoadedEditorAssemblies (1ms)
				RefreshPlugins (1ms)
				BeforeProcessingInitializeOnLoad (97ms)
				ProcessInitializeOnLoadAttributes (347ms)
				ProcessInitializeOnLoadMethodAttributes (15ms)
				AfterProcessingInitializeOnLoad (11ms)
				EditorAssembliesLoaded (0ms)
			ExecutionOrderSort2 (0ms)
			AwakeInstancesAfterBackupRestoration (17ms)
Platform modules already initialized, skipping
Refreshing native plugins compatible for Editor in 0.75 ms, found 4 plugins.
Preloading 0 native plugins for Editor in 0.00 ms.
Unloading 3670 Unused Serialized files (Serialized files now loaded: 0)
System memory in use before: 136.4 MB.
System memory in use after: 136.5 MB.

Unloading 25 unused Assets to reduce memory usage. Loaded Objects now: 4123.
Total: 3.457200 ms (FindLiveObjects: 0.293500 ms CreateObjectMapping: 0.263400 ms MarkObjects: 2.793800 ms  DeleteObjects: 0.105200 ms)

AssetImportParameters requested are different than current active one (requested -> active):
  custom:framework-win-MediaFoundation: 216162199b28c13a410421893ffa2e32 -> 
  custom:video-decoder-ogg-theora: a1e56fd34408186e4bbccfd4996cb3dc -> 
  custom:container-muxer-webm: aa71ff27fc2769a1b78a27578f13a17b -> 
  custom:container-demuxer-webm: 4f35f7cbe854078d1ac9338744f61a02 -> 
  custom:container-demuxer-ogg: 62fdf1f143b41e24485cea50d1cbac27 -> 
  custom:video-encoder-webm-vp8: eb34c28f22e8b96e1ab97ce403110664 -> 
  custom:video-decoder-webm-vp8: 9c59270c3fd7afecdb556c50c9e8de78 -> 
  custom:audio-decoder-ogg-vorbis: bf7c407c2cedff20999df2af8eb42d56 -> 
  custom:audio-encoder-webm-vorbis: bf7c407c2cedff20999df2af8eb42d56 -> 
========================================================================
Received Import Request.
  Time since last request: 405.787342 seconds.
  path: Assets/TestScene.unity
  artifactKey: Guid(d563e62c781ca4341aa3b3db710b2add) Importer(2089858483,934ff659095e30574adcf32a4c2f97b5)
Start importing Assets/TestScene.unity using Guid(d563e62c781ca4341aa3b3db710b2add) Importer(2089858483,934ff659095e30574adcf32a4c2f97b5)  -> (artifact id: 'a561a42f742710084d1827cfe811ac2c') in 0.092216 seconds 
========================================================================
Received Import Request.
  Time since last request: 0.000332 seconds.
  path: Assets/Sprites/Dog/Hurt (2).png
  artifactKey: Guid(6458af1331bb28941a3c939c5339b942) Importer(2089858483,934ff659095e30574adcf32a4c2f97b5)
Start importing Assets/Sprites/Dog/Hurt (2).png using Guid(6458af1331bb28941a3c939c5339b942) Importer(2089858483,934ff659095e30574adcf32a4c2f97b5)  -> (artifact id: '30e940dac6745c990cab1ec5e7bf37ab') in 0.092137 seconds 
========================================================================
Received Import Request.
  Time since last request: 0.000239 seconds.
  path: Assets/Sprites/Dog/Run (6).png
  artifactKey: Guid(6e246d9f82e95824c9b5eb9b884925b8) Importer(2089858483,934ff659095e30574adcf32a4c2f97b5)
Start importing Assets/Sprites/Dog/Run (6).png using Guid(6e246d9f82e95824c9b5eb9b884925b8) Importer(2089858483,934ff659095e30574adcf32a4c2f97b5)  -> (artifact id: '0cc982f775b6d2c2435c536977ced837') in 0.032385 seconds 
========================================================================
Received Import Request.
  Time since last request: 0.000249 seconds.
  path: Assets/Sprites/Dog/Die.anim
  artifactKey: Guid(c95f3d8bf9e026f4b94b2e8698d19eb0) Importer(2089858483,934ff659095e30574adcf32a4c2f97b5)
Start importing Assets/Sprites/Dog/Die.anim using Guid(c95f3d8bf9e026f4b94b2e8698d19eb0) Importer(2089858483,934ff659095e30574adcf32a4c2f97b5)  -> (artifact id: '8fe173a0601ad5f8ebe49b61498276dc') in 0.022471 seconds 
========================================================================
Received Import Request.
  Time since last request: 0.000243 seconds.
  path: Assets/Scripts/States/GroundedSuperState.cs
  artifactKey: Guid(908ab720b4836d642a9e360ce82807c7) Importer(2089858483,934ff659095e30574adcf32a4c2f97b5)
Start importing Assets/Scripts/States/GroundedSuperState.cs using Guid(908ab720b4836d642a9e360ce82807c7) Importer(2089858483,934ff659095e30574adcf32a4c2f97b5)  -> (artifact id: 'bbca790138bb444742c1f33997119db0') in 0.014001 seconds 
========================================================================
Received Import Request.
  Time since last request: 0.000400 seconds.
  path: Assets/Sprites/Dog/Jump (4).png
  artifactKey: Guid(0bedf5d12e3e57d46bdd57f90c95f4c4) Importer(2089858483,934ff659095e30574adcf32a4c2f97b5)
Start importing Assets/Sprites/Dog/Jump (4).png using Guid(0bedf5d12e3e57d46bdd57f90c95f4c4) Importer(2089858483,934ff659095e30574adcf32a4c2f97b5)  -> (artifact id: '9c555617d5691d52a2cc1d3463f3655a') in 0.028808 seconds 
========================================================================
Received Import Request.
  Time since last request: 0.000311 seconds.
  path: Assets/Sprites/Dog/Dead (8).png
  artifactKey: Guid(b783b1bd3c5f5f844ac162b767bc2a59) Importer(2089858483,934ff659095e30574adcf32a4c2f97b5)
Start importing Assets/Sprites/Dog/Dead (8).png using Guid(b783b1bd3c5f5f844ac162b767bc2a59) Importer(2089858483,934ff659095e30574adcf32a4c2f97b5)  -> (artifact id: '6cb76a97a0ccb101317ee80d3df19a28') in 0.032648 seconds 
========================================================================
Received Import Request.
  Time since last request: 0.000227 seconds.
  path: Assets/Sprites/Dog/Walk (2).png
  artifactKey: Guid(a5a8a18a0f21da0449bb0592b8b6a5ad) Importer(2089858483,934ff659095e30574adcf32a4c2f97b5)
Start importing Assets/Sprites/Dog/Walk (2).png using Guid(a5a8a18a0f21da0449bb0592b8b6a5ad) Importer(2089858483,934ff659095e30574adcf32a4c2f97b5)  -> (artifact id: 'd647106c6228ff1c9840be13d9505d3a') in 0.038556 seconds 
========================================================================
Received Import Request.
  Time since last request: 0.000206 seconds.
  path: Assets/Sprites/Dog/Slide (9).png
  artifactKey: Guid(7d18455164a4484448a92caab5162ce6) Importer(2089858483,934ff659095e30574adcf32a4c2f97b5)
Start importing Assets/Sprites/Dog/Slide (9).png using Guid(7d18455164a4484448a92caab5162ce6) Importer(2089858483,934ff659095e30574adcf32a4c2f97b5)  -> (artifact id: '8b42b63a64031ec6d3c3288192d7fb5f') in 0.029683 seconds 
========================================================================
Received Import Request.
  Time since last request: 0.000221 seconds.
  path: Assets/Scripts/States/FallState.cs
  artifactKey: Guid(810c2c5859d1540459ec00ee5f4c8e3e) Importer(2089858483,934ff659095e30574adcf32a4c2f97b5)
Start importing Assets/Scripts/States/FallState.cs using Guid(810c2c5859d1540459ec00ee5f4c8e3e) Importer(2089858483,934ff659095e30574adcf32a4c2f97b5)  -> (artifact id: 'd0d2a2e6448a41a76eee20f19a08aa23') in 0.013732 seconds 
========================================================================
Received Import Request.
  Time since last request: 0.000224 seconds.
  path: Assets/Sprites/Dog/Run (4).png
  artifactKey: Guid(35737cd7826c2da439357ae6f516b8ff) Importer(2089858483,934ff659095e30574adcf32a4c2f97b5)
Start importing Assets/Sprites/Dog/Run (4).png using Guid(35737cd7826c2da439357ae6f516b8ff) Importer(2089858483,934ff659095e30574adcf32a4c2f97b5)  -> (artifact id: 'c4dfd9624f2532684bda99f342e3f72c') in 0.026727 seconds 
========================================================================
Received Import Request.
  Time since last request: 0.000466 seconds.
  path: Assets/Sprites/Dog/Idle (3).png
  artifactKey: Guid(0c00cf63fe0c23646bf613b1d7ae8e64) Importer(2089858483,934ff659095e30574adcf32a4c2f97b5)
Start importing Assets/Sprites/Dog/Idle (3).png using Guid(0c00cf63fe0c23646bf613b1d7ae8e64) Importer(2089858483,934ff659095e30574adcf32a4c2f97b5)  -> (artifact id: '2e9842c0ebe408ca29497486cc8ed13b') in 0.019652 seconds 
========================================================================
Received Import Request.
  Time since last request: 0.000125 seconds.
  path: Assets/Sprites/Dog/Fall (2).png
  artifactKey: Guid(89db493687ad9114cb34b3d125b6b16a) Importer(2089858483,934ff659095e30574adcf32a4c2f97b5)
Start importing Assets/Sprites/Dog/Fall (2).png using Guid(89db493687ad9114cb34b3d125b6b16a) Importer(2089858483,934ff659095e30574adcf32a4c2f97b5)  -> (artifact id: '0fbeac73501c4ac8e989aff61d683970') in 0.030637 seconds 
========================================================================
Received Import Request.
  Time since last request: 0.000251 seconds.
  path: Assets/Sprites/Dog/Run (7).png
  artifactKey: Guid(97de95daed010b849807a1a1eee038c3) Importer(2089858483,934ff659095e30574adcf32a4c2f97b5)
Start importing Assets/Sprites/Dog/Run (7).png using Guid(97de95daed010b849807a1a1eee038c3) Importer(2089858483,934ff659095e30574adcf32a4c2f97b5)  -> (artifact id: 'd9ad44517c9f7b35c88ef4860a7a7af0') in 0.026091 seconds 
========================================================================
Received Import Request.
  Time since last request: 0.000181 seconds.
  path: Assets/Sprites/Dog/Hurt (8).png
  artifactKey: Guid(33156a56ebbe44244bb9b16a0db9607b) Importer(2089858483,934ff659095e30574adcf32a4c2f97b5)
Start importing Assets/Sprites/Dog/Hurt (8).png using Guid(33156a56ebbe44244bb9b16a0db9607b) Importer(2089858483,934ff659095e30574adcf32a4c2f97b5)  -> (artifact id: '03eb7552bdc5120549671a8788288897') in 0.023842 seconds 
========================================================================
Received Import Request.
  Time since last request: 0.000215 seconds.
  path: Assets/Scripts/Condition.cs
  artifactKey: Guid(4dcb833ce3463d249951a2ac9553a92a) Importer(2089858483,934ff659095e30574adcf32a4c2f97b5)
Start importing Assets/Scripts/Condition.cs using Guid(4dcb833ce3463d249951a2ac9553a92a) Importer(2089858483,934ff659095e30574adcf32a4c2f97b5)  -> (artifact id: '34850c45f6d1ca906121ff6f5917bbc3') in 0.012814 seconds 
========================================================================
Received Import Request.
  Time since last request: 0.000098 seconds.
  path: Assets/Sprites/Dog/Slide (7).png
  artifactKey: Guid(ed4af507dbb26af46b9f81f3a8753474) Importer(2089858483,934ff659095e30574adcf32a4c2f97b5)
Start importing Assets/Sprites/Dog/Slide (7).png using Guid(ed4af507dbb26af46b9f81f3a8753474) Importer(2089858483,934ff659095e30574adcf32a4c2f97b5)  -> (artifact id: 'e6e0f1d5f47c375e8588f3da266d28c5') in 0.022649 seconds 
========================================================================
Received Import Request.
  Time since last request: 0.000198 seconds.
  path: Assets/Sprites/Dog/Run.anim
  artifactKey: Guid(bba0192820a2b8341bc6b16f4375685d) Importer(2089858483,934ff659095e30574adcf32a4c2f97b5)
Start importing Assets/Sprites/Dog/Run.anim using Guid(bba0192820a2b8341bc6b16f4375685d) Importer(2089858483,934ff659095e30574adcf32a4c2f97b5)  -> (artifact id: '44c5463bec6ecce9c338d16090e07a87') in 0.012636 seconds 
========================================================================
Received Import Request.
  Time since last request: 0.000249 seconds.
  path: Assets/Sprites/Dog/Idle (5).png
  artifactKey: Guid(454a3ba588ec4d347998167b63e030f5) Importer(2089858483,934ff659095e30574adcf32a4c2f97b5)
Start importing Assets/Sprites/Dog/Idle (5).png using Guid(454a3ba588ec4d347998167b63e030f5) Importer(2089858483,934ff659095e30574adcf32a4c2f97b5)  -> (artifact id: 'd435771240a9afc012475e7d6fe0a73c') in 0.021258 seconds 
========================================================================
Received Import Request.
  Time since last request: 0.000271 seconds.
  path: Assets/Sprites/Dog/Walk (1).png
  artifactKey: Guid(efa89bc2ec0536e4cb3e5316061677d4) Importer(2089858483,934ff659095e30574adcf32a4c2f97b5)
Start importing Assets/Sprites/Dog/Walk (1).png using Guid(efa89bc2ec0536e4cb3e5316061677d4) Importer(2089858483,934ff659095e30574adcf32a4c2f97b5)  -> (artifact id: 'cf4796659f36d2d70fe1bc93eae6d49c') in 0.026758 seconds 
========================================================================
Received Import Request.
  Time since last request: 0.000194 seconds.
  path: Assets/Sprites/Dog/Dead (6).png
  artifactKey: Guid(5c9d618586e3be24999e8a18a9a20f78) Importer(2089858483,934ff659095e30574adcf32a4c2f97b5)
Start importing Assets/Sprites/Dog/Dead (6).png using Guid(5c9d618586e3be24999e8a18a9a20f78) Importer(2089858483,934ff659095e30574adcf32a4c2f97b5)  -> (artifact id: 'fe71adacb4830decf3cfa3e4191f1d89') in 0.040643 seconds 
========================================================================
Received Import Request.
  Time since last request: 0.000228 seconds.
  path: Assets/Sprites/Dog/Jump (8).png
  artifactKey: Guid(45cc63c15bc1aa64e85113dd30533524) Importer(2089858483,934ff659095e30574adcf32a4c2f97b5)
Start importing Assets/Sprites/Dog/Jump (8).png using Guid(45cc63c15bc1aa64e85113dd30533524) Importer(2089858483,934ff659095e30574adcf32a4c2f97b5)  -> (artifact id: '1a875f4a80564533e99e2913aafc3774') in 0.029423 seconds 
========================================================================
Received Import Request.
  Time since last request: 0.000226 seconds.
  path: Assets/Sprites/Dog/Hurt (5).png
  artifactKey: Guid(c777fc5756ceac8479b2f972a721a569) Importer(2089858483,934ff659095e30574adcf32a4c2f97b5)
Start importing Assets/Sprites/Dog/Hurt (5).png using Guid(c777fc5756ceac8479b2f972a721a569) Importer(2089858483,934ff659095e30574adcf32a4c2f97b5)  -> (artifact id: '82bfdd502176c590a22fc300e2b12f9d') in 0.030796 seconds 
========================================================================
Received Import Request.
  Time since last request: 0.000259 seconds.
  path: Assets/Sprites/Dog/Hurt (6).png
  artifactKey: Guid(1f816958ca1f8604e8ce0cd1e58420f2) Importer(2089858483,934ff659095e30574adcf32a4c2f97b5)
Start importing Assets/Sprites/Dog/Hurt (6).png using Guid(1f816958ca1f8604e8ce0cd1e58420f2) Importer(2089858483,934ff659095e30574adcf32a4c2f97b5)  -> (artifact id: '4ee3f599fc350f6e0f0e62cb4a68c7b4') in 0.025727 seconds 
========================================================================
Received Import Request.
  Time since last request: 0.000195 seconds.
  path: Assets/Sprites/Dog/Jump (2).png
  artifactKey: Guid(f4c9fa1eedffa854e9b8b3a01b8986c0) Importer(2089858483,934ff659095e30574adcf32a4c2f97b5)
Start importing Assets/Sprites/Dog/Jump (2).png using Guid(f4c9fa1eedffa854e9b8b3a01b8986c0) Importer(2089858483,934ff659095e30574adcf32a4c2f97b5)  -> (artifact id: 'e7eb59ae733fb5a651a84a1101bdca8f') in 0.024712 seconds 
========================================================================
Received Import Request.
  Time since last request: 0.000220 seconds.
  path: Assets/Sprites/Dog/Slide.anim
  artifactKey: Guid(478777feec37eac4f92cafeb81b6918c) Importer(2089858483,934ff659095e30574adcf32a4c2f97b5)
Start importing Assets/Sprites/Dog/Slide.anim using Guid(478777feec37eac4f92cafeb81b6918c) Importer(2089858483,934ff659095e30574adcf32a4c2f97b5)  -> (artifact id: 'f0a4c9e6a0b09a4e725f358ac3d6bf9b') in 0.013081 seconds 
========================================================================
Received Import Request.
  Time since last request: 0.000215 seconds.
  path: Assets/Sprites/Dog/Fall (8).png
  artifactKey: Guid(cd52a1f8209975047bb74e39d2118e13) Importer(2089858483,934ff659095e30574adcf32a4c2f97b5)
Start importing Assets/Sprites/Dog/Fall (8).png using Guid(cd52a1f8209975047bb74e39d2118e13) Importer(2089858483,934ff659095e30574adcf32a4c2f97b5)  -> (artifact id: '55f0430c15a16ad305bb01bb40f46c5b') in 0.022767 seconds 
========================================================================
Received Import Request.
  Time since last request: 0.000219 seconds.
  path: Assets/Sprites/Dog/Falling.anim
  artifactKey: Guid(48d7369287577b7439584b35a9763233) Importer(2089858483,934ff659095e30574adcf32a4c2f97b5)
Start importing Assets/Sprites/Dog/Falling.anim using Guid(48d7369287577b7439584b35a9763233) Importer(2089858483,934ff659095e30574adcf32a4c2f97b5)  -> (artifact id: '350758b2afd99ee1c97d4fb23de7665b') in 0.012215 seconds 
========================================================================
Received Import Request.
  Time since last request: 0.000215 seconds.
  path: Assets/Sprites/Dog/Airborne.anim
  artifactKey: Guid(8d6d9a709281ef54b8c9e5fdf7e54c48) Importer(2089858483,934ff659095e30574adcf32a4c2f97b5)
Start importing Assets/Sprites/Dog/Airborne.anim using Guid(8d6d9a709281ef54b8c9e5fdf7e54c48) Importer(2089858483,934ff659095e30574adcf32a4c2f97b5)  -> (artifact id: '749df3d890ec9e07a41a4e6d8c08a2b5') in 0.017249 seconds 
========================================================================
Received Import Request.
  Time since last request: 0.000200 seconds.
  path: Assets/Sprites/Dog/Jump (7).png
  artifactKey: Guid(f98aff831ad65014d8003fbacdad83b5) Importer(2089858483,934ff659095e30574adcf32a4c2f97b5)
Start importing Assets/Sprites/Dog/Jump (7).png using Guid(f98aff831ad65014d8003fbacdad83b5) Importer(2089858483,934ff659095e30574adcf32a4c2f97b5)  -> (artifact id: 'ac4aa869ce6ac7e020e8415e09ee91ea') in 0.027895 seconds 
========================================================================
Received Import Request.
  Time since last request: 0.000180 seconds.
  path: Assets/Sprites/Dog/Slide (8).png
  artifactKey: Guid(ea3fbd02443b48048b13ae993e4c5f50) Importer(2089858483,934ff659095e30574adcf32a4c2f97b5)
Start importing Assets/Sprites/Dog/Slide (8).png using Guid(ea3fbd02443b48048b13ae993e4c5f50) Importer(2089858483,934ff659095e30574adcf32a4c2f97b5)  -> (artifact id: '3bbd14af35a185533783427b3e7883e6') in 0.025913 seconds 
========================================================================
Received Import Request.
  Time since last request: 0.000214 seconds.
  path: Assets/Sprites/Dog/Idle (9).png
  artifactKey: Guid(b7527884779e10f409aebe0b2f074b31) Importer(2089858483,934ff659095e30574adcf32a4c2f97b5)
Start importing Assets/Sprites/Dog/Idle (9).png using Guid(b7527884779e10f409aebe0b2f074b31) Importer(2089858483,934ff659095e30574adcf32a4c2f97b5)  -> (artifact id: 'fd60a3acbf11b6956fab958bf4f0aa22') in 0.017608 seconds 
========================================================================
Received Import Request.
  Time since last request: 0.000241 seconds.
  path: Assets/Sprites/Dog/Dead (3).png
  artifactKey: Guid(50f69a3320067f1488097dee6dbfd05b) Importer(2089858483,934ff659095e30574adcf32a4c2f97b5)
Start importing Assets/Sprites/Dog/Dead (3).png using Guid(50f69a3320067f1488097dee6dbfd05b) Importer(2089858483,934ff659095e30574adcf32a4c2f97b5)  -> (artifact id: '66bf2125426ad318d91b067572b8886d') in 0.023669 seconds 
========================================================================
Received Import Request.
  Time since last request: 0.000232 seconds.
  path: Assets/Sprites/Dog/Fall (7).png
  artifactKey: Guid(153fec530b74d4042a1b9bcb9d4ef5ee) Importer(2089858483,934ff659095e30574adcf32a4c2f97b5)
Start importing Assets/Sprites/Dog/Fall (7).png using Guid(153fec530b74d4042a1b9bcb9d4ef5ee) Importer(2089858483,934ff659095e30574adcf32a4c2f97b5)  -> (artifact id: 'ac46d4422c2e7a86bfed138bc77fedff') in 0.025292 seconds 
========================================================================
Received Import Request.
  Time since last request: 0.000236 seconds.
  path: Assets/Sprites/Dog/DogAnimator.controller
  artifactKey: Guid(6e19485193d3ac44f849d610a3c74c4f) Importer(2089858483,934ff659095e30574adcf32a4c2f97b5)
Start importing Assets/Sprites/Dog/DogAnimator.controller using Guid(6e19485193d3ac44f849d610a3c74c4f) Importer(2089858483,934ff659095e30574adcf32a4c2f97b5)  -> (artifact id: '5fae481e32db9656636dae4b47571f23') in 0.017892 seconds 
========================================================================
Received Import Request.
  Time since last request: 0.000233 seconds.
  path: Assets/Sprites/Dog/Dead (2).png
  artifactKey: Guid(5f7fb0cc2b42e0b4ab82839fb4c35ce1) Importer(2089858483,934ff659095e30574adcf32a4c2f97b5)
Start importing Assets/Sprites/Dog/Dead (2).png using Guid(5f7fb0cc2b42e0b4ab82839fb4c35ce1) Importer(2089858483,934ff659095e30574adcf32a4c2f97b5)  -> (artifact id: '40710880895d8172586a6259a0fc46b5') in 0.025307 seconds 
========================================================================
Received Import Request.
  Time since last request: 0.000181 seconds.
  path: Assets/Sprites/Dog/Fall (1).png
  artifactKey: Guid(1d5c4f0be9d4b6a4a937b940c0718b18) Importer(2089858483,934ff659095e30574adcf32a4c2f97b5)
Start importing Assets/Sprites/Dog/Fall (1).png using Guid(1d5c4f0be9d4b6a4a937b940c0718b18) Importer(2089858483,934ff659095e30574adcf32a4c2f97b5)  -> (artifact id: 'f8cd88ea3f679b26d35b0d46d745349f') in 0.024971 seconds 
========================================================================
Received Import Request.
  Time since last request: 0.000206 seconds.
  path: Assets/Sprites/Dog/Hurt (10).png
  artifactKey: Guid(b8233803217d2df4e979bed3d97287b9) Importer(2089858483,934ff659095e30574adcf32a4c2f97b5)
Start importing Assets/Sprites/Dog/Hurt (10).png using Guid(b8233803217d2df4e979bed3d97287b9) Importer(2089858483,934ff659095e30574adcf32a4c2f97b5)  -> (artifact id: '41113359498d87f5c9bd82992e5f3219') in 0.027137 seconds 
========================================================================
Received Import Request.
  Time since last request: 0.000236 seconds.
  path: Assets/Sprites/Dog/Dead (5).png
  artifactKey: Guid(30646a6551a59584186a98c48ae877f8) Importer(2089858483,934ff659095e30574adcf32a4c2f97b5)
Start importing Assets/Sprites/Dog/Dead (5).png using Guid(30646a6551a59584186a98c48ae877f8) Importer(2089858483,934ff659095e30574adcf32a4c2f97b5)  -> (artifact id: '769967d0a6a0e360fa46c40f7b457056') in 0.022690 seconds 
========================================================================
Received Import Request.
  Time since last request: 0.000251 seconds.
  path: Assets/Sprites/Dog/Hurt (7).png
  artifactKey: Guid(829253ee17523664ab8b52ab160e9adc) Importer(2089858483,934ff659095e30574adcf32a4c2f97b5)
Start importing Assets/Sprites/Dog/Hurt (7).png using Guid(829253ee17523664ab8b52ab160e9adc) Importer(2089858483,934ff659095e30574adcf32a4c2f97b5)  -> (artifact id: 'd3647c34556470ac42890ed11f89513e') in 0.029845 seconds 
========================================================================
Received Import Request.
  Time since last request: 0.000244 seconds.
  path: Assets/Sprites/Dog/Walk (7).png
  artifactKey: Guid(81ba7e6f7d9a8d747a502d00253e0d8e) Importer(2089858483,934ff659095e30574adcf32a4c2f97b5)
Start importing Assets/Sprites/Dog/Walk (7).png using Guid(81ba7e6f7d9a8d747a502d00253e0d8e) Importer(2089858483,934ff659095e30574adcf32a4c2f97b5)  -> (artifact id: 'df89a49965dd7187f2e2313737300d00') in 0.025955 seconds 
========================================================================
Received Import Request.
  Time since last request: 0.000210 seconds.
  path: Assets/Sprites/Dog/Dead (7).png
  artifactKey: Guid(143ad209a5f6e51409e0a58f367c2c76) Importer(2089858483,934ff659095e30574adcf32a4c2f97b5)
Start importing Assets/Sprites/Dog/Dead (7).png using Guid(143ad209a5f6e51409e0a58f367c2c76) Importer(2089858483,934ff659095e30574adcf32a4c2f97b5)  -> (artifact id: 'efad5894e1b1b63751a10fa6c2cfae9f') in 0.025340 seconds 
========================================================================
Received Import Request.
  Time since last request: 0.000223 seconds.
  path: Assets/Sprites/Dog/Idle (4).png
  artifactKey: Guid(ba838f4da587cde4a946fb76013cc9a0) Importer(2089858483,934ff659095e30574adcf32a4c2f97b5)
Start importing Assets/Sprites/Dog/Idle (4).png using Guid(ba838f4da587cde4a946fb76013cc9a0) Importer(2089858483,934ff659095e30574adcf32a4c2f97b5)  -> (artifact id: '37bbd9f00a1b906869370e28b9c435b8') in 0.018002 seconds 
========================================================================
Received Import Request.
  Time since last request: 0.000238 seconds.
  path: Assets/Scripts/States/IdleState.cs
  artifactKey: Guid(f1547360f677efd4ba900b998227b947) Importer(2089858483,934ff659095e30574adcf32a4c2f97b5)
Start importing Assets/Scripts/States/IdleState.cs using Guid(f1547360f677efd4ba900b998227b947) Importer(2089858483,934ff659095e30574adcf32a4c2f97b5)  -> (artifact id: '1895bce2331b8709256ab9771c49624b') in 0.011538 seconds 
========================================================================
Received Import Request.
  Time since last request: 0.000226 seconds.
  path: Assets/Scripts/PlayerStateMachine.cs
  artifactKey: Guid(79f29ac858193514dbd83e581486b13d) Importer(2089858483,934ff659095e30574adcf32a4c2f97b5)
Start importing Assets/Scripts/PlayerStateMachine.cs using Guid(79f29ac858193514dbd83e581486b13d) Importer(2089858483,934ff659095e30574adcf32a4c2f97b5)  -> (artifact id: '04863c20ebafc4cdee1af867a6cbed63') in 0.011945 seconds 
========================================================================
Received Import Request.
  Time since last request: 0.000373 seconds.
  path: Assets/Sprites/Dog/Idle (2).png
  artifactKey: Guid(3c93a9229a7aa6e4dbe4ce226ef1c455) Importer(2089858483,934ff659095e30574adcf32a4c2f97b5)
Start importing Assets/Sprites/Dog/Idle (2).png using Guid(3c93a9229a7aa6e4dbe4ce226ef1c455) Importer(2089858483,934ff659095e30574adcf32a4c2f97b5)  -> (artifact id: 'cc60e72473917d538cbd224182626b34') in 0.019579 seconds 
========================================================================
Received Import Request.
  Time since last request: 0.000242 seconds.
  path: Assets/Sprites/Dog/Walk (6).png
  artifactKey: Guid(afe21ad0b75f111439f30044dce53407) Importer(2089858483,934ff659095e30574adcf32a4c2f97b5)
Start importing Assets/Sprites/Dog/Walk (6).png using Guid(afe21ad0b75f111439f30044dce53407) Importer(2089858483,934ff659095e30574adcf32a4c2f97b5)  -> (artifact id: '864b3bc913fa769a14c3a8449f7cd3eb') in 0.027755 seconds 
========================================================================
Received Import Request.
  Time since last request: 0.002088 seconds.
  path: Assets/Scripts/Controller.cs
  artifactKey: Guid(66a9e6c31de6dd24fbe3d5cd68eedef1) Importer(2089858483,934ff659095e30574adcf32a4c2f97b5)
Start importing Assets/Scripts/Controller.cs using Guid(66a9e6c31de6dd24fbe3d5cd68eedef1) Importer(2089858483,934ff659095e30574adcf32a4c2f97b5)  -> (artifact id: '3ed48ae7752b869017c9234d5c359e56') in 0.014442 seconds 
========================================================================
Received Import Request.
  Time since last request: 0.000224 seconds.
  path: Assets/Sprites/Dog/Slide (4).png
  artifactKey: Guid(f2730e9b5d86b8b47a51d6a196429b46) Importer(2089858483,934ff659095e30574adcf32a4c2f97b5)
Start importing Assets/Sprites/Dog/Slide (4).png using Guid(f2730e9b5d86b8b47a51d6a196429b46) Importer(2089858483,934ff659095e30574adcf32a4c2f97b5)  -> (artifact id: '21232e20ec86571bcea5ae2a55b562d5') in 0.023952 seconds 
========================================================================
Received Import Request.
  Time since last request: 0.000225 seconds.
  path: Assets/Sprites/Dog/Hurt (1).png
  artifactKey: Guid(b880b265691331c44acdcb022c9d02bf) Importer(2089858483,934ff659095e30574adcf32a4c2f97b5)
Start importing Assets/Sprites/Dog/Hurt (1).png using Guid(b880b265691331c44acdcb022c9d02bf) Importer(2089858483,934ff659095e30574adcf32a4c2f97b5)  -> (artifact id: '9e6f83c2c7df0f248b84edc2193b5101') in 0.023567 seconds 
========================================================================
Received Import Request.
  Time since last request: 0.000176 seconds.
  path: Assets/Sprites/Dog/Jump (5).png
  artifactKey: Guid(030da540ebedbed49a20973240e43b09) Importer(2089858483,934ff659095e30574adcf32a4c2f97b5)
Start importing Assets/Sprites/Dog/Jump (5).png using Guid(030da540ebedbed49a20973240e43b09) Importer(2089858483,934ff659095e30574adcf32a4c2f97b5)  -> (artifact id: 'ef232aa4f4cd8a12071ee275c17c3031') in 0.023487 seconds 
========================================================================
Received Import Request.
  Time since last request: 0.000214 seconds.
  path: Assets/Sprites/Dog/Jump (1).png
  artifactKey: Guid(5d754f89e4c48a04394dfb53c375f9e4) Importer(2089858483,934ff659095e30574adcf32a4c2f97b5)
Start importing Assets/Sprites/Dog/Jump (1).png using Guid(5d754f89e4c48a04394dfb53c375f9e4) Importer(2089858483,934ff659095e30574adcf32a4c2f97b5)  -> (artifact id: '4e86eb8836a3a003aba2666d0296f7a2') in 0.026953 seconds 
========================================================================
Received Import Request.
  Time since last request: 0.000225 seconds.
  path: Assets/Sprites/Dog/Run (1).png
  artifactKey: Guid(ea72b5a00a2f96843a71808c72521b77) Importer(2089858483,934ff659095e30574adcf32a4c2f97b5)
Start importing Assets/Sprites/Dog/Run (1).png using Guid(ea72b5a00a2f96843a71808c72521b77) Importer(2089858483,934ff659095e30574adcf32a4c2f97b5)  -> (artifact id: '4819b8a9e89bb631b9adf11528f68ef3') in 0.024758 seconds 
========================================================================
Received Import Request.
  Time since last request: 0.000231 seconds.
  path: Assets/Sprites/Dog/Idle (1).png
  artifactKey: Guid(b7605e92c4f663c47ac9da788207b4eb) Importer(2089858483,934ff659095e30574adcf32a4c2f97b5)
Start importing Assets/Sprites/Dog/Idle (1).png using Guid(b7605e92c4f663c47ac9da788207b4eb) Importer(2089858483,934ff659095e30574adcf32a4c2f97b5)  -> (artifact id: 'ed7f3f95f36802ab2df73b62b101a453') in 0.018290 seconds 
========================================================================
Received Import Request.
  Time since last request: 0.000246 seconds.
  path: Assets/Sprites/Dog/LightHurt.anim
  artifactKey: Guid(10a4c5c7c8c90d842b9a738def22911e) Importer(2089858483,934ff659095e30574adcf32a4c2f97b5)
Start importing Assets/Sprites/Dog/LightHurt.anim using Guid(10a4c5c7c8c90d842b9a738def22911e) Importer(2089858483,934ff659095e30574adcf32a4c2f97b5)  -> (artifact id: '6faef64f9a3b45584358a1d622c03185') in 0.015838 seconds 
========================================================================
Received Import Request.
  Time since last request: 0.000208 seconds.
  path: Assets/Sprites/Dog/Walk (3).png
  artifactKey: Guid(f9139d7355abf8f46975768f48704ff9) Importer(2089858483,934ff659095e30574adcf32a4c2f97b5)
Start importing Assets/Sprites/Dog/Walk (3).png using Guid(f9139d7355abf8f46975768f48704ff9) Importer(2089858483,934ff659095e30574adcf32a4c2f97b5)  -> (artifact id: '4f5ced661fd865b00967df8f79605ffd') in 0.025970 seconds 
========================================================================
Received Import Request.
  Time since last request: 0.000242 seconds.
  path: Assets/Scenes/SampleScene.unity
  artifactKey: Guid(2cda990e2423bbf4892e6590ba056729) Importer(2089858483,934ff659095e30574adcf32a4c2f97b5)
Start importing Assets/Scenes/SampleScene.unity using Guid(2cda990e2423bbf4892e6590ba056729) Importer(2089858483,934ff659095e30574adcf32a4c2f97b5)  -> (artifact id: '5f0d4a287ae51be24ab98ee28e552f2b') in 0.029770 seconds 
========================================================================
Received Import Request.
  Time since last request: 0.000204 seconds.
  path: Assets/Sprites/Dog/Walk.anim
  artifactKey: Guid(c096321cef7cdad46b0a70ef9d8cbafa) Importer(2089858483,934ff659095e30574adcf32a4c2f97b5)
Start importing Assets/Sprites/Dog/Walk.anim using Guid(c096321cef7cdad46b0a70ef9d8cbafa) Importer(2089858483,934ff659095e30574adcf32a4c2f97b5)  -> (artifact id: '53fde48c0de7bdcc25579ba4738eef6a') in 0.012615 seconds 
========================================================================
Received Import Request.
  Time since last request: 0.000074 seconds.
  path: Assets/Scripts/Stats.cs
  artifactKey: Guid(c7eee362297240c4581f24e2a7fb7ab0) Importer(2089858483,934ff659095e30574adcf32a4c2f97b5)
Start importing Assets/Scripts/Stats.cs using Guid(c7eee362297240c4581f24e2a7fb7ab0) Importer(2089858483,934ff659095e30574adcf32a4c2f97b5)  -> (artifact id: '4b5f98dbc0d07975fa516bf5f858ad93') in 0.018893 seconds 
========================================================================
Received Import Request.
  Time since last request: 0.000231 seconds.
  path: Assets/Sprites/Dog/Hurt (4).png
  artifactKey: Guid(8509532d8be579044b5d4bc7302c5a88) Importer(2089858483,934ff659095e30574adcf32a4c2f97b5)
Start importing Assets/Sprites/Dog/Hurt (4).png using Guid(8509532d8be579044b5d4bc7302c5a88) Importer(2089858483,934ff659095e30574adcf32a4c2f97b5)  -> (artifact id: '2b0c30d5b3ae8a0706638caa68a36939') in 0.029730 seconds 
========================================================================
Received Import Request.
  Time since last request: 0.000391 seconds.
  path: Assets/Sprites/Dog/Fall (4).png
  artifactKey: Guid(7cb6518b22456a244bae511ea4fde020) Importer(2089858483,934ff659095e30574adcf32a4c2f97b5)
Start importing Assets/Sprites/Dog/Fall (4).png using Guid(7cb6518b22456a244bae511ea4fde020) Importer(2089858483,934ff659095e30574adcf32a4c2f97b5)  -> (artifact id: '38ab34bd61ab442aa6993076b2669a73') in 0.026206 seconds 
========================================================================
Received Import Request.
  Time since last request: 0.000219 seconds.
  path: Assets/Sprites/Dog/Slide (3).png
  artifactKey: Guid(35add6d98af19774abbb6b9cf4ddff75) Importer(2089858483,934ff659095e30574adcf32a4c2f97b5)
Start importing Assets/Sprites/Dog/Slide (3).png using Guid(35add6d98af19774abbb6b9cf4ddff75) Importer(2089858483,934ff659095e30574adcf32a4c2f97b5)  -> (artifact id: '082ae812821d6acde831f54eeee8f09c') in 0.021829 seconds 
========================================================================
Received Import Request.
  Time since last request: 0.000223 seconds.
  path: Assets/Sprites/Dog/Slide (6).png
  artifactKey: Guid(81b0a420f6bde7a49a6f3f59d9eddfd3) Importer(2089858483,934ff659095e30574adcf32a4c2f97b5)
Start importing Assets/Sprites/Dog/Slide (6).png using Guid(81b0a420f6bde7a49a6f3f59d9eddfd3) Importer(2089858483,934ff659095e30574adcf32a4c2f97b5)  -> (artifact id: 'a276825b62356392d1fd7b6d09fd1253') in 0.023216 seconds 
========================================================================
Received Import Request.
  Time since last request: 0.000220 seconds.
  path: Assets/Scripts/States/AirborneSuperState.cs
  artifactKey: Guid(2dc608d0f1d78304697035a0bb114e01) Importer(2089858483,934ff659095e30574adcf32a4c2f97b5)
Start importing Assets/Scripts/States/AirborneSuperState.cs using Guid(2dc608d0f1d78304697035a0bb114e01) Importer(2089858483,934ff659095e30574adcf32a4c2f97b5)  -> (artifact id: '0b28e8d2f2639d7a2e7ddafd2a68284e') in 0.015164 seconds 
========================================================================
Received Import Request.
  Time since last request: 0.000079 seconds.
  path: Assets/Sprites/Dog/Fall (5).png
  artifactKey: Guid(17832a2c14d3d4e4eb046deba567c48c) Importer(2089858483,934ff659095e30574adcf32a4c2f97b5)
Start importing Assets/Sprites/Dog/Fall (5).png using Guid(17832a2c14d3d4e4eb046deba567c48c) Importer(2089858483,934ff659095e30574adcf32a4c2f97b5)  -> (artifact id: '53b8f534fb89ed5f69550d173dd07e75') in 0.031021 seconds 
========================================================================
Received Import Request.
  Time since last request: 0.000106 seconds.
  path: Assets/Sprites/Dog/Idle (7).png
  artifactKey: Guid(bb5df01415a8b1547906152ec68d27d8) Importer(2089858483,934ff659095e30574adcf32a4c2f97b5)
Start importing Assets/Sprites/Dog/Idle (7).png using Guid(bb5df01415a8b1547906152ec68d27d8) Importer(2089858483,934ff659095e30574adcf32a4c2f97b5)  -> (artifact id: '15168497f9ac47908efb4d066710a23c') in 0.019105 seconds 
========================================================================
Received Import Request.
  Time since last request: 0.000228 seconds.
  path: Assets/Sprites/Dog/Run (5).png
  artifactKey: Guid(04efd2f0b3fb78d49bb678f04aaf6c9a) Importer(2089858483,934ff659095e30574adcf32a4c2f97b5)
Start importing Assets/Sprites/Dog/Run (5).png using Guid(04efd2f0b3fb78d49bb678f04aaf6c9a) Importer(2089858483,934ff659095e30574adcf32a4c2f97b5)  -> (artifact id: '8a513995224fbdfbfe0fd0a51b18879b') in 0.026155 seconds 
========================================================================
Received Import Request.
  Time since last request: 0.000242 seconds.
  path: Assets/Sprites/Dog/Dead (1).png
  artifactKey: Guid(997a6745b11c4bb44aeccdeaf2bb61ab) Importer(2089858483,934ff659095e30574adcf32a4c2f97b5)
Start importing Assets/Sprites/Dog/Dead (1).png using Guid(997a6745b11c4bb44aeccdeaf2bb61ab) Importer(2089858483,934ff659095e30574adcf32a4c2f97b5)  -> (artifact id: '7ec6919b401333e34c62d38281f42c75') in 0.026561 seconds 
========================================================================
Received Import Request.
  Time since last request: 0.000225 seconds.
  path: Assets/Sprites/Dog/Hurt (9).png
  artifactKey: Guid(588d35a800e6d5b439a4a2bd529c5a4a) Importer(2089858483,934ff659095e30574adcf32a4c2f97b5)
Start importing Assets/Sprites/Dog/Hurt (9).png using Guid(588d35a800e6d5b439a4a2bd529c5a4a) Importer(2089858483,934ff659095e30574adcf32a4c2f97b5)  -> (artifact id: '1ab8a5c5619371afaed50fde682e80ac') in 0.030080 seconds 
========================================================================
Received Import Request.
  Time since last request: 0.000222 seconds.
  path: Assets/Sprites/Dog/Walk (9).png
  artifactKey: Guid(edf60f77c663b004ab440db3009dd546) Importer(2089858483,934ff659095e30574adcf32a4c2f97b5)
Start importing Assets/Sprites/Dog/Walk (9).png using Guid(edf60f77c663b004ab440db3009dd546) Importer(2089858483,934ff659095e30574adcf32a4c2f97b5)  -> (artifact id: '6f08de5c1441ffdadf50b9f8a73cd75a') in 0.031441 seconds 
========================================================================
Received Import Request.
  Time since last request: 0.000627 seconds.
  path: Assets/Sprites/Dog/Fall (6).png
  artifactKey: Guid(bc498f28015bfee4d858f9b005e42a15) Importer(2089858483,934ff659095e30574adcf32a4c2f97b5)
Start importing Assets/Sprites/Dog/Fall (6).png using Guid(bc498f28015bfee4d858f9b005e42a15) Importer(2089858483,934ff659095e30574adcf32a4c2f97b5)  -> (artifact id: '90d61e1cb123171a09e76c4ea6fd842c') in 0.024775 seconds 
========================================================================
Received Import Request.
  Time since last request: 0.000236 seconds.
  path: Assets/Sprites/Dog/JumpUp.anim
  artifactKey: Guid(9dd0299664069f04eb920fe794985e58) Importer(2089858483,934ff659095e30574adcf32a4c2f97b5)
Start importing Assets/Sprites/Dog/JumpUp.anim using Guid(9dd0299664069f04eb920fe794985e58) Importer(2089858483,934ff659095e30574adcf32a4c2f97b5)  -> (artifact id: '66d17edd66154d9d305ab61276c79013') in 0.010148 seconds 
========================================================================
Received Import Request.
  Time since last request: 0.000189 seconds.
  path: Assets/Sprites/Dog/Slide (2).png
  artifactKey: Guid(3b14b9dd36f5edd46b6704bdc02be895) Importer(2089858483,934ff659095e30574adcf32a4c2f97b5)
Start importing Assets/Sprites/Dog/Slide (2).png using Guid(3b14b9dd36f5edd46b6704bdc02be895) Importer(2089858483,934ff659095e30574adcf32a4c2f97b5)  -> (artifact id: 'c7117bfa43ed88e9151d869d9d44b30a') in 0.025476 seconds 
========================================================================
Received Import Request.
  Time since last request: 0.000250 seconds.
  path: Assets/Sprites/Dog/Walk (5).png
  artifactKey: Guid(4b1b7b5a9a864e84c8929a60519825a4) Importer(2089858483,934ff659095e30574adcf32a4c2f97b5)
Start importing Assets/Sprites/Dog/Walk (5).png using Guid(4b1b7b5a9a864e84c8929a60519825a4) Importer(2089858483,934ff659095e30574adcf32a4c2f97b5)  -> (artifact id: '288587ad3a483293d9cf23767e12634e') in 0.035691 seconds 
========================================================================
Received Import Request.
  Time since last request: 0.000190 seconds.
  path: Assets/Sprites/Dog/Walk (8).png
  artifactKey: Guid(d2cff03f25c5d404892e3592f23ce769) Importer(2089858483,934ff659095e30574adcf32a4c2f97b5)
Start importing Assets/Sprites/Dog/Walk (8).png using Guid(d2cff03f25c5d404892e3592f23ce769) Importer(2089858483,934ff659095e30574adcf32a4c2f97b5)  -> (artifact id: 'f088d0b3acfae1c6b2ba2c6d34b17fb0') in 0.029532 seconds 
========================================================================
Received Import Request.
  Time since last request: 0.000199 seconds.
  path: Assets/Sprites/Dog/Slide (1).png
  artifactKey: Guid(e158c8048939d564d8953124695b9e74) Importer(2089858483,934ff659095e30574adcf32a4c2f97b5)
Start importing Assets/Sprites/Dog/Slide (1).png using Guid(e158c8048939d564d8953124695b9e74) Importer(2089858483,934ff659095e30574adcf32a4c2f97b5)  -> (artifact id: '01ba75101f7c7e2e5090727cd667a796') in 0.036734 seconds 
========================================================================
Received Import Request.
  Time since last request: 0.000244 seconds.
  path: Assets/Sprites/Dog/Slide (5).png
  artifactKey: Guid(a15e321b9d5bb1e438ccaee45b6c67d4) Importer(2089858483,934ff659095e30574adcf32a4c2f97b5)
Start importing Assets/Sprites/Dog/Slide (5).png using Guid(a15e321b9d5bb1e438ccaee45b6c67d4) Importer(2089858483,934ff659095e30574adcf32a4c2f97b5)  -> (artifact id: '147304f30f1b4e064b40c2cc53e3dd9a') in 0.026351 seconds 
========================================================================
Received Import Request.
  Time since last request: 0.000207 seconds.
  path: Assets/Scripts/Status.cs
  artifactKey: Guid(6802b22bd3b68ed418e52671168c5ab5) Importer(2089858483,934ff659095e30574adcf32a4c2f97b5)
Start importing Assets/Scripts/Status.cs using Guid(6802b22bd3b68ed418e52671168c5ab5) Importer(2089858483,934ff659095e30574adcf32a4c2f97b5)  -> (artifact id: '3a124ba5c719d969740139d448c5eb09') in 0.014562 seconds 
========================================================================
Received Import Request.
  Time since last request: 0.000220 seconds.
  path: Assets/Sprites/Dog/Run (3).png
  artifactKey: Guid(2c65443b3fc4e0d4b959d21537b2ea94) Importer(2089858483,934ff659095e30574adcf32a4c2f97b5)
Start importing Assets/Sprites/Dog/Run (3).png using Guid(2c65443b3fc4e0d4b959d21537b2ea94) Importer(2089858483,934ff659095e30574adcf32a4c2f97b5)  -> (artifact id: '2d8c4373a07fa581e921564120eac81c') in 0.025899 seconds 
========================================================================
Received Import Request.
  Time since last request: 0.000241 seconds.
  path: Assets/Scripts/Character.cs
  artifactKey: Guid(4bad083e8383c9d4ba76b4f320ecd4bb) Importer(2089858483,934ff659095e30574adcf32a4c2f97b5)
Start importing Assets/Scripts/Character.cs using Guid(4bad083e8383c9d4ba76b4f320ecd4bb) Importer(2089858483,934ff659095e30574adcf32a4c2f97b5)  -> (artifact id: '2442f657ca462d4c4f5be19f90753148') in 0.011166 seconds 
========================================================================
Received Import Request.
  Time since last request: 0.000241 seconds.
  path: Assets/Sprites/Dog/Walk (4).png
  artifactKey: Guid(43879e67b1f007741a2e501c2ab886eb) Importer(2089858483,934ff659095e30574adcf32a4c2f97b5)
Start importing Assets/Sprites/Dog/Walk (4).png using Guid(43879e67b1f007741a2e501c2ab886eb) Importer(2089858483,934ff659095e30574adcf32a4c2f97b5)  -> (artifact id: '7ec371e92b518113a13332e2175ddaee') in 0.030119 seconds 
========================================================================
Received Import Request.
  Time since last request: 0.000236 seconds.
  path: Assets/Scripts/PlayerState.cs
  artifactKey: Guid(43ff46daf02798a4284e822c501bb9b6) Importer(2089858483,934ff659095e30574adcf32a4c2f97b5)
Start importing Assets/Scripts/PlayerState.cs using Guid(43ff46daf02798a4284e822c501bb9b6) Importer(2089858483,934ff659095e30574adcf32a4c2f97b5)  -> (artifact id: '5b0c637c7eb0d18fe4616594bd860cc0') in 0.013660 seconds 
========================================================================
Received Import Request.
  Time since last request: 0.000216 seconds.
  path: Assets/Sprites/Dog/FallDown.anim
  artifactKey: Guid(af3c62fcdeed43040b470885286c4558) Importer(2089858483,934ff659095e30574adcf32a4c2f97b5)
Start importing Assets/Sprites/Dog/FallDown.anim using Guid(af3c62fcdeed43040b470885286c4558) Importer(2089858483,934ff659095e30574adcf32a4c2f97b5)  -> (artifact id: 'd85b68b1ee92f0421acf13a269207614') in 0.016311 seconds 
========================================================================
Received Import Request.
  Time since last request: 0.000222 seconds.
  path: Assets/Sprites/Dog/Fall (3).png
  artifactKey: Guid(f07d3814ddf734d4f867d4f634f510cb) Importer(2089858483,934ff659095e30574adcf32a4c2f97b5)
Start importing Assets/Sprites/Dog/Fall (3).png using Guid(f07d3814ddf734d4f867d4f634f510cb) Importer(2089858483,934ff659095e30574adcf32a4c2f97b5)  -> (artifact id: '69add6e90df82ccf54f4773bead2c7f4') in 0.023442 seconds 
========================================================================
Received Import Request.
  Time since last request: 0.000218 seconds.
  path: Assets/Sprites/Dog/Idle.anim
  artifactKey: Guid(2bb738ac9c81c9047b839a3b62da9527) Importer(2089858483,934ff659095e30574adcf32a4c2f97b5)
Start importing Assets/Sprites/Dog/Idle.anim using Guid(2bb738ac9c81c9047b839a3b62da9527) Importer(2089858483,934ff659095e30574adcf32a4c2f97b5)  -> (artifact id: '02e164fb0defa158e63f8ffc978cdfe1') in 0.013943 seconds 
========================================================================
Received Import Request.
  Time since last request: 0.000259 seconds.
  path: Assets/Sprites/Dog/Idle (8).png
  artifactKey: Guid(97c1ec33bc1a4264db17be374a5f9314) Importer(2089858483,934ff659095e30574adcf32a4c2f97b5)
Start importing Assets/Sprites/Dog/Idle (8).png using Guid(97c1ec33bc1a4264db17be374a5f9314) Importer(2089858483,934ff659095e30574adcf32a4c2f97b5)  -> (artifact id: 'bdfd39c0fcaef44bddddf699185bf2c6') in 0.015322 seconds 
========================================================================
Received Import Request.
  Time since last request: 0.000182 seconds.
  path: Assets/Sprites/Dog/Dead (4).png
  artifactKey: Guid(a7100ac689a869f439b3792907c2eed7) Importer(2089858483,934ff659095e30574adcf32a4c2f97b5)
Start importing Assets/Sprites/Dog/Dead (4).png using Guid(a7100ac689a869f439b3792907c2eed7) Importer(2089858483,934ff659095e30574adcf32a4c2f97b5)  -> (artifact id: '1ac8b5cf083f93fa95fca77776d2e242') in 0.031227 seconds 
========================================================================
Received Import Request.
  Time since last request: 0.000200 seconds.
  path: Assets/Scripts/Attack.cs
  artifactKey: Guid(72ada231993db67468e4d8b6a8f21c56) Importer(2089858483,934ff659095e30574adcf32a4c2f97b5)
Start importing Assets/Scripts/Attack.cs using Guid(72ada231993db67468e4d8b6a8f21c56) Importer(2089858483,934ff659095e30574adcf32a4c2f97b5)  -> (artifact id: '61ec2faf529e4fba9e0b4f455c28828b') in 0.011836 seconds 
========================================================================
Received Import Request.
  Time since last request: 0.000175 seconds.
  path: Assets/Sprites/Dog/Run (8).png
  artifactKey: Guid(3031dfd2508dff9419214148cf97b45c) Importer(2089858483,934ff659095e30574adcf32a4c2f97b5)
Start importing Assets/Sprites/Dog/Run (8).png using Guid(3031dfd2508dff9419214148cf97b45c) Importer(2089858483,934ff659095e30574adcf32a4c2f97b5)  -> (artifact id: '0e31b5f0371c4fae242258c6c456d016') in 0.024271 seconds 
========================================================================
Received Import Request.
  Time since last request: 0.000233 seconds.
  path: Assets/Sprites/Dog/Dead (9).png
  artifactKey: Guid(e3e21c18d65dffa448ee3ec423f4b42d) Importer(2089858483,934ff659095e30574adcf32a4c2f97b5)
Start importing Assets/Sprites/Dog/Dead (9).png using Guid(e3e21c18d65dffa448ee3ec423f4b42d) Importer(2089858483,934ff659095e30574adcf32a4c2f97b5)  -> (artifact id: '491162f53c28a521e5c684cc54e6408d') in 0.024060 seconds 
========================================================================
Received Import Request.
  Time since last request: 0.000215 seconds.
  path: Assets/Sprites/Dog/Hurt (3).png
  artifactKey: Guid(455b3377ff9eada408076f394e40a3bb) Importer(2089858483,934ff659095e30574adcf32a4c2f97b5)
Start importing Assets/Sprites/Dog/Hurt (3).png using Guid(455b3377ff9eada408076f394e40a3bb) Importer(2089858483,934ff659095e30574adcf32a4c2f97b5)  -> (artifact id: '8ba23fcc881ec80f44a2e18c2f113742') in 0.026305 seconds 
========================================================================
Received Import Request.
  Time since last request: 0.000271 seconds.
  path: Assets/Sprites/Dog/Slide (10).png
  artifactKey: Guid(a21ae42d5a7f98d4a8a3c1c2e0633947) Importer(2089858483,934ff659095e30574adcf32a4c2f97b5)
Start importing Assets/Sprites/Dog/Slide (10).png using Guid(a21ae42d5a7f98d4a8a3c1c2e0633947) Importer(2089858483,934ff659095e30574adcf32a4c2f97b5)  -> (artifact id: 'fd6b750374336af07a9d7cfd5a8a4b30') in 0.028969 seconds 
========================================================================
Received Import Request.
  Time since last request: 0.000198 seconds.
  path: Assets/Sprites/Dog/Jump (3).png
  artifactKey: Guid(9e59b94a8bf2b5847b0ec9a6bc71ed5a) Importer(2089858483,934ff659095e30574adcf32a4c2f97b5)
Start importing Assets/Sprites/Dog/Jump (3).png using Guid(9e59b94a8bf2b5847b0ec9a6bc71ed5a) Importer(2089858483,934ff659095e30574adcf32a4c2f97b5)  -> (artifact id: 'cc17902a069e76f9c65b40cb732781a5') in 0.024801 seconds 
========================================================================
Received Import Request.
  Time since last request: 0.000312 seconds.
  path: Assets/Sprites/Dog/Jump (6).png
  artifactKey: Guid(4ba8dd9e54e37de44896ef0539c83777) Importer(2089858483,934ff659095e30574adcf32a4c2f97b5)
Start importing Assets/Sprites/Dog/Jump (6).png using Guid(4ba8dd9e54e37de44896ef0539c83777) Importer(2089858483,934ff659095e30574adcf32a4c2f97b5)  -> (artifact id: '48927dcbd8b9e2667395d6a5e923387f') in 0.023082 seconds 
========================================================================
Received Import Request.
  Time since last request: 0.000219 seconds.
  path: Assets/Sprites/Dog/Dead (10).png
  artifactKey: Guid(13ac53e115d6e3f4ebbef9f0d19bd883) Importer(2089858483,934ff659095e30574adcf32a4c2f97b5)
Start importing Assets/Sprites/Dog/Dead (10).png using Guid(13ac53e115d6e3f4ebbef9f0d19bd883) Importer(2089858483,934ff659095e30574adcf32a4c2f97b5)  -> (artifact id: '39a84d74c53e33eb9ccb0694d64dc6a0') in 0.023546 seconds 
========================================================================
Received Import Request.
  Time since last request: 0.000303 seconds.
  path: Assets/Sprites/Dog/Idle (10).png
  artifactKey: Guid(4a9067ad074192248b75826055849754) Importer(2089858483,934ff659095e30574adcf32a4c2f97b5)
Start importing Assets/Sprites/Dog/Idle (10).png using Guid(4a9067ad074192248b75826055849754) Importer(2089858483,934ff659095e30574adcf32a4c2f97b5)  -> (artifact id: 'd91ddb8136ec32ecd8bf53fdb680b493') in 0.016103 seconds 
========================================================================
Received Import Request.
  Time since last request: 0.000181 seconds.
  path: Assets/Sprites/Dog/Idle (6).png
  artifactKey: Guid(d5c0a6e60287bb54a9f802efa3016c94) Importer(2089858483,934ff659095e30574adcf32a4c2f97b5)
Start importing Assets/Sprites/Dog/Idle (6).png using Guid(d5c0a6e60287bb54a9f802efa3016c94) Importer(2089858483,934ff659095e30574adcf32a4c2f97b5)  -> (artifact id: 'ff5d1ab4e22aade3012b01df7498c95c') in 0.020325 seconds 
========================================================================
Received Import Request.
  Time since last request: 0.000386 seconds.
  path: Assets/Sprites/Dog/Walk (10).png
  artifactKey: Guid(c6b73e8e406070943b125e0e8eae510a) Importer(2089858483,934ff659095e30574adcf32a4c2f97b5)
Start importing Assets/Sprites/Dog/Walk (10).png using Guid(c6b73e8e406070943b125e0e8eae510a) Importer(2089858483,934ff659095e30574adcf32a4c2f97b5)  -> (artifact id: '7339d26602162762ba326748d861ac6e') in 0.025111 seconds 
========================================================================
Received Import Request.
  Time since last request: 0.000212 seconds.
  path: Assets/Sprites/Dog/HardHurt.anim
  artifactKey: Guid(41fbd647886692c4f8c62d4f4d9c504d) Importer(2089858483,934ff659095e30574adcf32a4c2f97b5)
Start importing Assets/Sprites/Dog/HardHurt.anim using Guid(41fbd647886692c4f8c62d4f4d9c504d) Importer(2089858483,934ff659095e30574adcf32a4c2f97b5)  -> (artifact id: 'cca034ebbcf9a2e60a7dadb4c66a59ee') in 0.010851 seconds 
========================================================================
Received Import Request.
  Time since last request: 0.000158 seconds.
  path: Assets/Sprites/Dog/Run (2).png
  artifactKey: Guid(a21905b69bd0e9041bf6c5e780251458) Importer(2089858483,934ff659095e30574adcf32a4c2f97b5)
Start importing Assets/Sprites/Dog/Run (2).png using Guid(a21905b69bd0e9041bf6c5e780251458) Importer(2089858483,934ff659095e30574adcf32a4c2f97b5)  -> (artifact id: 'c0f3445990f62b8380e1f8b6205491b7') in 0.027433 seconds 
========================================================================
Received Import Request.
  Time since last request: 61.411011 seconds.
  path: Assets/TestScene.unity
  artifactKey: Guid(d563e62c781ca4341aa3b3db710b2add) Importer(2089858483,934ff659095e30574adcf32a4c2f97b5)
Start importing Assets/TestScene.unity using Guid(d563e62c781ca4341aa3b3db710b2add) Importer(2089858483,934ff659095e30574adcf32a4c2f97b5)  -> (artifact id: 'eb343429100a957b718aabc30f13725e') in 0.011841 seconds 
========================================================================
Received Prepare
Registering precompiled user dll's ...
Registered in 0.008695 seconds.
Begin MonoManager ReloadAssembly
Symbol file LoadedFromMemory doesn't match image D:\GameDevelopment\Projects\2D-Zelda-Like\Library\PackageCache\com.unity.visualscripting@1.6.1\Editor\VisualScripting.Core\Dependencies\YamlDotNet\Unity.VisualScripting.YamlDotNet.dll
Symbol file LoadedFromMemory doesn't match image D:\GameDevelopment\Projects\2D-Zelda-Like\Library\PackageCache\com.unity.visualscripting@1.6.1\Editor\VisualScripting.Core\Dependencies\DotNetZip\Unity.VisualScripting.IonicZip.dll
Native extension for WindowsStandalone target not found
Native extension for WebGL target not found
Refreshing native plugins compatible for Editor in 0.80 ms, found 4 plugins.
Preloading 0 native plugins for Editor in 0.00 ms.
Mono: successfully reloaded assembly
- Completed reload, in  1.548 seconds
Domain Reload Profiling:
	ReloadAssembly (1548ms)
		BeginReloadAssembly (153ms)
			ExecutionOrderSort (0ms)
			DisableScriptedObjects (8ms)
			BackupInstance (0ms)
			ReleaseScriptingObjects (0ms)
			CreateAndSetChildDomain (53ms)
		EndReloadAssembly (1306ms)
			LoadAssemblies (136ms)
			RebuildTransferFunctionScriptingTraits (0ms)
			SetupTypeCache (488ms)
			ReleaseScriptCaches (2ms)
			RebuildScriptCaches (77ms)
			SetupLoadedEditorAssemblies (448ms)
				LogAssemblyErrors (0ms)
				InitializePlatformSupportModulesInManaged (10ms)
				SetLoadedEditorAssemblies (1ms)
				RefreshPlugins (1ms)
				BeforeProcessingInitializeOnLoad (88ms)
				ProcessInitializeOnLoadAttributes (327ms)
				ProcessInitializeOnLoadMethodAttributes (13ms)
				AfterProcessingInitializeOnLoad (8ms)
				EditorAssembliesLoaded (0ms)
			ExecutionOrderSort2 (0ms)
			AwakeInstancesAfterBackupRestoration (15ms)
Platform modules already initialized, skipping
Refreshing native plugins compatible for Editor in 0.82 ms, found 4 plugins.
Preloading 0 native plugins for Editor in 0.00 ms.
Unloading 3670 Unused Serialized files (Serialized files now loaded: 0)
System memory in use before: 136.5 MB.
System memory in use after: 136.6 MB.

Unloading 25 unused Assets to reduce memory usage. Loaded Objects now: 4127.
Total: 6.179300 ms (FindLiveObjects: 0.267200 ms CreateObjectMapping: 0.182000 ms MarkObjects: 5.552000 ms  DeleteObjects: 0.176000 ms)

AssetImportParameters requested are different than current active one (requested -> active):
  custom:framework-win-MediaFoundation: 216162199b28c13a410421893ffa2e32 -> 
  custom:video-decoder-ogg-theora: a1e56fd34408186e4bbccfd4996cb3dc -> 
  custom:container-muxer-webm: aa71ff27fc2769a1b78a27578f13a17b -> 
  custom:container-demuxer-webm: 4f35f7cbe854078d1ac9338744f61a02 -> 
  custom:container-demuxer-ogg: 62fdf1f143b41e24485cea50d1cbac27 -> 
  custom:video-encoder-webm-vp8: eb34c28f22e8b96e1ab97ce403110664 -> 
  custom:video-decoder-webm-vp8: 9c59270c3fd7afecdb556c50c9e8de78 -> 
  custom:audio-decoder-ogg-vorbis: bf7c407c2cedff20999df2af8eb42d56 -> 
  custom:audio-encoder-webm-vorbis: bf7c407c2cedff20999df2af8eb42d56 -> 
========================================================================
Received Prepare
Registering precompiled user dll's ...
Registered in 0.007616 seconds.
Begin MonoManager ReloadAssembly
Symbol file LoadedFromMemory doesn't match image D:\GameDevelopment\Projects\2D-Zelda-Like\Library\PackageCache\com.unity.visualscripting@1.6.1\Editor\VisualScripting.Core\Dependencies\YamlDotNet\Unity.VisualScripting.YamlDotNet.dll
Symbol file LoadedFromMemory doesn't match image D:\GameDevelopment\Projects\2D-Zelda-Like\Library\PackageCache\com.unity.visualscripting@1.6.1\Editor\VisualScripting.Core\Dependencies\DotNetZip\Unity.VisualScripting.IonicZip.dll
Native extension for WindowsStandalone target not found
Native extension for WebGL target not found
Refreshing native plugins compatible for Editor in 0.81 ms, found 4 plugins.
Preloading 0 native plugins for Editor in 0.00 ms.
Mono: successfully reloaded assembly
- Completed reload, in  1.446 seconds
Domain Reload Profiling:
	ReloadAssembly (1447ms)
		BeginReloadAssembly (156ms)
			ExecutionOrderSort (0ms)
			DisableScriptedObjects (7ms)
			BackupInstance (0ms)
			ReleaseScriptingObjects (0ms)
			CreateAndSetChildDomain (54ms)
		EndReloadAssembly (1215ms)
			LoadAssemblies (120ms)
			RebuildTransferFunctionScriptingTraits (0ms)
			SetupTypeCache (448ms)
			ReleaseScriptCaches (1ms)
			RebuildScriptCaches (68ms)
			SetupLoadedEditorAssemblies (441ms)
				LogAssemblyErrors (0ms)
				InitializePlatformSupportModulesInManaged (7ms)
				SetLoadedEditorAssemblies (0ms)
				RefreshPlugins (1ms)
				BeforeProcessingInitializeOnLoad (94ms)
				ProcessInitializeOnLoadAttributes (319ms)
				ProcessInitializeOnLoadMethodAttributes (11ms)
				AfterProcessingInitializeOnLoad (8ms)
				EditorAssembliesLoaded (0ms)
			ExecutionOrderSort2 (0ms)
			AwakeInstancesAfterBackupRestoration (14ms)
Platform modules already initialized, skipping
Refreshing native plugins compatible for Editor in 0.77 ms, found 4 plugins.
Preloading 0 native plugins for Editor in 0.00 ms.
Unloading 3670 Unused Serialized files (Serialized files now loaded: 0)
System memory in use before: 136.5 MB.
System memory in use after: 136.6 MB.

Unloading 25 unused Assets to reduce memory usage. Loaded Objects now: 4131.
Total: 4.352800 ms (FindLiveObjects: 0.483200 ms CreateObjectMapping: 0.714600 ms MarkObjects: 2.939400 ms  DeleteObjects: 0.200900 ms)

AssetImportParameters requested are different than current active one (requested -> active):
  custom:framework-win-MediaFoundation: 216162199b28c13a410421893ffa2e32 -> 
  custom:video-decoder-ogg-theora: a1e56fd34408186e4bbccfd4996cb3dc -> 
  custom:container-muxer-webm: aa71ff27fc2769a1b78a27578f13a17b -> 
  custom:container-demuxer-webm: 4f35f7cbe854078d1ac9338744f61a02 -> 
  custom:container-demuxer-ogg: 62fdf1f143b41e24485cea50d1cbac27 -> 
  custom:video-encoder-webm-vp8: eb34c28f22e8b96e1ab97ce403110664 -> 
  custom:video-decoder-webm-vp8: 9c59270c3fd7afecdb556c50c9e8de78 -> 
  custom:audio-decoder-ogg-vorbis: bf7c407c2cedff20999df2af8eb42d56 -> 
  custom:audio-encoder-webm-vorbis: bf7c407c2cedff20999df2af8eb42d56 -> 
========================================================================
Received Prepare
Registering precompiled user dll's ...
Registered in 0.007875 seconds.
Begin MonoManager ReloadAssembly
Symbol file LoadedFromMemory doesn't match image D:\GameDevelopment\Projects\2D-Zelda-Like\Library\PackageCache\com.unity.visualscripting@1.6.1\Editor\VisualScripting.Core\Dependencies\YamlDotNet\Unity.VisualScripting.YamlDotNet.dll
Symbol file LoadedFromMemory doesn't match image D:\GameDevelopment\Projects\2D-Zelda-Like\Library\PackageCache\com.unity.visualscripting@1.6.1\Editor\VisualScripting.Core\Dependencies\DotNetZip\Unity.VisualScripting.IonicZip.dll
Native extension for WindowsStandalone target not found
Native extension for WebGL target not found
Refreshing native plugins compatible for Editor in 1.48 ms, found 4 plugins.
Preloading 0 native plugins for Editor in 0.00 ms.
Mono: successfully reloaded assembly
- Completed reload, in  1.476 seconds
Domain Reload Profiling:
	ReloadAssembly (1476ms)
		BeginReloadAssembly (166ms)
			ExecutionOrderSort (0ms)
			DisableScriptedObjects (11ms)
			BackupInstance (0ms)
			ReleaseScriptingObjects (0ms)
			CreateAndSetChildDomain (52ms)
		EndReloadAssembly (1234ms)
			LoadAssemblies (126ms)
			RebuildTransferFunctionScriptingTraits (0ms)
			SetupTypeCache (482ms)
			ReleaseScriptCaches (2ms)
			RebuildScriptCaches (71ms)
			SetupLoadedEditorAssemblies (424ms)
				LogAssemblyErrors (0ms)
				InitializePlatformSupportModulesInManaged (8ms)
				SetLoadedEditorAssemblies (0ms)
				RefreshPlugins (2ms)
				BeforeProcessingInitializeOnLoad (87ms)
				ProcessInitializeOnLoadAttributes (307ms)
				ProcessInitializeOnLoadMethodAttributes (12ms)
				AfterProcessingInitializeOnLoad (8ms)
				EditorAssembliesLoaded (0ms)
			ExecutionOrderSort2 (0ms)
			AwakeInstancesAfterBackupRestoration (16ms)
Platform modules already initialized, skipping
Refreshing native plugins compatible for Editor in 1.04 ms, found 4 plugins.
Preloading 0 native plugins for Editor in 0.00 ms.
Unloading 3670 Unused Serialized files (Serialized files now loaded: 0)
System memory in use before: 136.5 MB.
System memory in use after: 136.6 MB.

Unloading 25 unused Assets to reduce memory usage. Loaded Objects now: 4135.
Total: 3.978100 ms (FindLiveObjects: 0.269200 ms CreateObjectMapping: 0.189200 ms MarkObjects: 3.398400 ms  DeleteObjects: 0.119800 ms)

AssetImportParameters requested are different than current active one (requested -> active):
  custom:framework-win-MediaFoundation: 216162199b28c13a410421893ffa2e32 -> 
  custom:video-decoder-ogg-theora: a1e56fd34408186e4bbccfd4996cb3dc -> 
  custom:container-muxer-webm: aa71ff27fc2769a1b78a27578f13a17b -> 
  custom:container-demuxer-webm: 4f35f7cbe854078d1ac9338744f61a02 -> 
  custom:container-demuxer-ogg: 62fdf1f143b41e24485cea50d1cbac27 -> 
  custom:video-encoder-webm-vp8: eb34c28f22e8b96e1ab97ce403110664 -> 
  custom:video-decoder-webm-vp8: 9c59270c3fd7afecdb556c50c9e8de78 -> 
  custom:audio-decoder-ogg-vorbis: bf7c407c2cedff20999df2af8eb42d56 -> 
  custom:audio-encoder-webm-vorbis: bf7c407c2cedff20999df2af8eb42d56 -> 
